This file contains any messages produced by compilers while
running configure, to aid debugging if configure makes a mistake.

It was created by giada configure 0.12, which was
generated by GNU Autoconf 2.69.  Invocation command line was

  $ ./configure --target=linux

## --------- ##
## Platform. ##
## --------- ##

hostname = raspberrypi
uname -m = armv7l
uname -r = 4.1.20-rt22-v7+
uname -s = Linux
uname -v = #1 SMP Sun Mar 20 19:20:48 CET 2016

/usr/bin/uname -p = unknown
/bin/uname -X     = unknown

/bin/arch              = unknown
/usr/bin/arch -k       = unknown
/usr/convex/getsysinfo = unknown
/usr/bin/hostinfo      = unknown
/bin/machine           = unknown
/usr/bin/oslevel       = unknown
/bin/universe          = unknown

PATH: /usr/local/sbin
PATH: /usr/local/bin
PATH: /usr/sbin
PATH: /usr/bin
PATH: /sbin
PATH: /bin
PATH: /usr/local/games
PATH: /usr/games


## ----------- ##
## Core tests. ##
## ----------- ##

configure:2229: checking for a BSD-compatible install
configure:2297: result: /usr/bin/install -c
configure:2308: checking whether build environment is sane
configure:2363: result: yes
configure:2514: checking for a thread-safe mkdir -p
configure:2553: result: /bin/mkdir -p
configure:2560: checking for gawk
configure:2590: result: no
configure:2560: checking for mawk
configure:2576: found /usr/bin/mawk
configure:2587: result: mawk
configure:2598: checking whether make sets $(MAKE)
configure:2620: result: yes
configure:2649: checking whether make supports nested variables
configure:2666: result: yes
configure:2950: checking for g++
configure:2966: found /usr/bin/g++
configure:2977: result: g++
configure:3004: checking for C++ compiler version
configure:3013: g++ --version >&5
g++ (Raspbian 4.9.2-10) 4.9.2
Copyright (C) 2014 Free Software Foundation, Inc.
This is free software; see the source for copying conditions.  There is NO
warranty; not even for MERCHANTABILITY or FITNESS FOR A PARTICULAR PURPOSE.

configure:3024: $? = 0
configure:3013: g++ -v >&5
Using built-in specs.
COLLECT_GCC=g++
COLLECT_LTO_WRAPPER=/usr/lib/gcc/arm-linux-gnueabihf/4.9/lto-wrapper
Target: arm-linux-gnueabihf
Configured with: ../src/configure -v --with-pkgversion='Raspbian 4.9.2-10' --with-bugurl=file:///usr/share/doc/gcc-4.9/README.Bugs --enable-languages=c,c++,java,go,d,fortran,objc,obj-c++ --prefix=/usr --program-suffix=-4.9 --enable-shared --enable-linker-build-id --libexecdir=/usr/lib --without-included-gettext --enable-threads=posix --with-gxx-include-dir=/usr/include/c++/4.9 --libdir=/usr/lib --enable-nls --with-sysroot=/ --enable-clocale=gnu --enable-libstdcxx-debug --enable-libstdcxx-time=yes --enable-gnu-unique-object --disable-libitm --disable-libquadmath --enable-plugin --with-system-zlib --disable-browser-plugin --enable-java-awt=gtk --enable-gtk-cairo --with-java-home=/usr/lib/jvm/java-1.5.0-gcj-4.9-armhf/jre --enable-java-home --with-jvm-root-dir=/usr/lib/jvm/java-1.5.0-gcj-4.9-armhf --with-jvm-jar-dir=/usr/lib/jvm-exports/java-1.5.0-gcj-4.9-armhf --with-arch-directory=arm --with-ecj-jar=/usr/share/java/eclipse-ecj.jar --enable-objc-gc --enable-multiarch --disable-sjlj-exceptions --with-arch=armv6 --with-fpu=vfp --with-float=hard --enable-checking=release --build=arm-linux-gnueabihf --host=arm-linux-gnueabihf --target=arm-linux-gnueabihf
Thread model: posix
gcc version 4.9.2 (Raspbian 4.9.2-10) 
configure:3024: $? = 0
configure:3013: g++ -V >&5
g++: error: unrecognized command line option '-V'
g++: fatal error: no input files
compilation terminated.
configure:3024: $? = 4
configure:3013: g++ -qversion >&5
g++: error: unrecognized command line option '-qversion'
g++: fatal error: no input files
compilation terminated.
configure:3024: $? = 4
configure:3044: checking whether the C++ compiler works
configure:3066: g++    conftest.cpp  >&5
configure:3070: $? = 0
configure:3118: result: yes
configure:3121: checking for C++ compiler default output file name
configure:3123: result: a.out
configure:3129: checking for suffix of executables
configure:3136: g++ -o conftest    conftest.cpp  >&5
configure:3140: $? = 0
configure:3162: result: 
configure:3184: checking whether we are cross compiling
configure:3192: g++ -o conftest    conftest.cpp  >&5
configure:3196: $? = 0
configure:3203: ./conftest
configure:3207: $? = 0
configure:3222: result: no
configure:3227: checking for suffix of object files
configure:3249: g++ -c   conftest.cpp >&5
configure:3253: $? = 0
configure:3274: result: o
configure:3278: checking whether we are using the GNU C++ compiler
configure:3297: g++ -c   conftest.cpp >&5
configure:3297: $? = 0
configure:3306: result: yes
configure:3315: checking whether g++ accepts -g
configure:3335: g++ -c -g  conftest.cpp >&5
configure:3335: $? = 0
configure:3376: result: yes
configure:3410: checking for style of include used by make
configure:3438: result: GNU
configure:3464: checking dependency style of g++
configure:3575: result: gcc3
configure:3647: checking for g++
configure:3663: found /usr/bin/g++
configure:3674: result: g++
configure:3699: checking for Objective C++ compiler version
configure:3708: g++ --version >&5
g++ (Raspbian 4.9.2-10) 4.9.2
Copyright (C) 2014 Free Software Foundation, Inc.
This is free software; see the source for copying conditions.  There is NO
warranty; not even for MERCHANTABILITY or FITNESS FOR A PARTICULAR PURPOSE.

configure:3719: $? = 0
configure:3708: g++ -v >&5
Using built-in specs.
COLLECT_GCC=g++
COLLECT_LTO_WRAPPER=/usr/lib/gcc/arm-linux-gnueabihf/4.9/lto-wrapper
Target: arm-linux-gnueabihf
Configured with: ../src/configure -v --with-pkgversion='Raspbian 4.9.2-10' --with-bugurl=file:///usr/share/doc/gcc-4.9/README.Bugs --enable-languages=c,c++,java,go,d,fortran,objc,obj-c++ --prefix=/usr --program-suffix=-4.9 --enable-shared --enable-linker-build-id --libexecdir=/usr/lib --without-included-gettext --enable-threads=posix --with-gxx-include-dir=/usr/include/c++/4.9 --libdir=/usr/lib --enable-nls --with-sysroot=/ --enable-clocale=gnu --enable-libstdcxx-debug --enable-libstdcxx-time=yes --enable-gnu-unique-object --disable-libitm --disable-libquadmath --enable-plugin --with-system-zlib --disable-browser-plugin --enable-java-awt=gtk --enable-gtk-cairo --with-java-home=/usr/lib/jvm/java-1.5.0-gcj-4.9-armhf/jre --enable-java-home --with-jvm-root-dir=/usr/lib/jvm/java-1.5.0-gcj-4.9-armhf --with-jvm-jar-dir=/usr/lib/jvm-exports/java-1.5.0-gcj-4.9-armhf --with-arch-directory=arm --with-ecj-jar=/usr/share/java/eclipse-ecj.jar --enable-objc-gc --enable-multiarch --disable-sjlj-exceptions --with-arch=armv6 --with-fpu=vfp --with-float=hard --enable-checking=release --build=arm-linux-gnueabihf --host=arm-linux-gnueabihf --target=arm-linux-gnueabihf
Thread model: posix
gcc version 4.9.2 (Raspbian 4.9.2-10) 
configure:3719: $? = 0
configure:3708: g++ -V >&5
g++: error: unrecognized command line option '-V'
g++: fatal error: no input files
compilation terminated.
configure:3719: $? = 4
configure:3708: g++ -qversion >&5
g++: error: unrecognized command line option '-qversion'
g++: fatal error: no input files
compilation terminated.
configure:3719: $? = 4
configure:3723: checking whether we are using the GNU Objective C++ compiler
configure:3742: g++ -c   conftest.mm >&5
g++: error trying to exec 'cc1objplus': execvp: No such file or directory
configure:3742: $? = 1
configure: failed program was:
| /* confdefs.h */
| #define PACKAGE_NAME "giada"
| #define PACKAGE_TARNAME "giada"
| #define PACKAGE_VERSION "0.12"
| #define PACKAGE_STRING "giada 0.12"
| #define PACKAGE_BUGREPORT "giadaloopmachine@gmail.com"
| #define PACKAGE_URL ""
| #define PACKAGE "giada"
| #define VERSION "0.12"
| /* end confdefs.h.  */
| 
| int
| main ()
| {
| #ifndef __GNUC__
|        choke me
| #endif
| 
|   ;
|   return 0;
| }
configure:3751: result: no
configure:3760: checking whether g++ accepts -g
configure:3780: g++ -c -g  conftest.mm >&5
g++: error trying to exec 'cc1objplus': execvp: No such file or directory
configure:3780: $? = 1
configure: failed program was:
| /* confdefs.h */
| #define PACKAGE_NAME "giada"
| #define PACKAGE_TARNAME "giada"
| #define PACKAGE_VERSION "0.12"
| #define PACKAGE_STRING "giada 0.12"
| #define PACKAGE_BUGREPORT "giadaloopmachine@gmail.com"
| #define PACKAGE_URL ""
| #define PACKAGE "giada"
| #define VERSION "0.12"
| /* end confdefs.h.  */
| 
| int
| main ()
| {
| 
|   ;
|   return 0;
| }
configure:3795: g++ -c   conftest.mm >&5
g++: error trying to exec 'cc1objplus': execvp: No such file or directory
configure:3795: $? = 1
configure: failed program was:
| /* confdefs.h */
| #define PACKAGE_NAME "giada"
| #define PACKAGE_TARNAME "giada"
| #define PACKAGE_VERSION "0.12"
| #define PACKAGE_STRING "giada 0.12"
| #define PACKAGE_BUGREPORT "giadaloopmachine@gmail.com"
| #define PACKAGE_URL ""
| #define PACKAGE "giada"
| #define VERSION "0.12"
| /* end confdefs.h.  */
| 
| int
| main ()
| {
| 
|   ;
|   return 0;
| }
configure:3811: g++ -c -g  conftest.mm >&5
g++: error trying to exec 'cc1objplus': execvp: No such file or directory
configure:3811: $? = 1
configure: failed program was:
| /* confdefs.h */
| #define PACKAGE_NAME "giada"
| #define PACKAGE_TARNAME "giada"
| #define PACKAGE_VERSION "0.12"
| #define PACKAGE_STRING "giada 0.12"
| #define PACKAGE_BUGREPORT "giadaloopmachine@gmail.com"
| #define PACKAGE_URL ""
| #define PACKAGE "giada"
| #define VERSION "0.12"
| /* end confdefs.h.  */
| 
| int
| main ()
| {
| 
|   ;
|   return 0;
| }
configure:3821: result: no
configure:3846: checking dependency style of g++
configure:3955: result: gcc3
configure:4021: checking for gcc
configure:4037: found /usr/bin/gcc
configure:4048: result: gcc
configure:4277: checking for C compiler version
configure:4286: gcc --version >&5
gcc (Raspbian 4.9.2-10) 4.9.2
Copyright (C) 2014 Free Software Foundation, Inc.
This is free software; see the source for copying conditions.  There is NO
warranty; not even for MERCHANTABILITY or FITNESS FOR A PARTICULAR PURPOSE.

configure:4297: $? = 0
configure:4286: gcc -v >&5
Using built-in specs.
COLLECT_GCC=gcc
COLLECT_LTO_WRAPPER=/usr/lib/gcc/arm-linux-gnueabihf/4.9/lto-wrapper
Target: arm-linux-gnueabihf
Configured with: ../src/configure -v --with-pkgversion='Raspbian 4.9.2-10' --with-bugurl=file:///usr/share/doc/gcc-4.9/README.Bugs --enable-languages=c,c++,java,go,d,fortran,objc,obj-c++ --prefix=/usr --program-suffix=-4.9 --enable-shared --enable-linker-build-id --libexecdir=/usr/lib --without-included-gettext --enable-threads=posix --with-gxx-include-dir=/usr/include/c++/4.9 --libdir=/usr/lib --enable-nls --with-sysroot=/ --enable-clocale=gnu --enable-libstdcxx-debug --enable-libstdcxx-time=yes --enable-gnu-unique-object --disable-libitm --disable-libquadmath --enable-plugin --with-system-zlib --disable-browser-plugin --enable-java-awt=gtk --enable-gtk-cairo --with-java-home=/usr/lib/jvm/java-1.5.0-gcj-4.9-armhf/jre --enable-java-home --with-jvm-root-dir=/usr/lib/jvm/java-1.5.0-gcj-4.9-armhf --with-jvm-jar-dir=/usr/lib/jvm-exports/java-1.5.0-gcj-4.9-armhf --with-arch-directory=arm --with-ecj-jar=/usr/share/java/eclipse-ecj.jar --enable-objc-gc --enable-multiarch --disable-sjlj-exceptions --with-arch=armv6 --with-fpu=vfp --with-float=hard --enable-checking=release --build=arm-linux-gnueabihf --host=arm-linux-gnueabihf --target=arm-linux-gnueabihf
Thread model: posix
gcc version 4.9.2 (Raspbian 4.9.2-10) 
configure:4297: $? = 0
configure:4286: gcc -V >&5
gcc: error: unrecognized command line option '-V'
gcc: fatal error: no input files
compilation terminated.
configure:4297: $? = 4
configure:4286: gcc -qversion >&5
gcc: error: unrecognized command line option '-qversion'
gcc: fatal error: no input files
compilation terminated.
configure:4297: $? = 4
configure:4301: checking whether we are using the GNU C compiler
configure:4320: gcc -c   conftest.c >&5
configure:4320: $? = 0
configure:4329: result: yes
configure:4338: checking whether gcc accepts -g
configure:4358: gcc -c -g  conftest.c >&5
configure:4358: $? = 0
configure:4399: result: yes
configure:4416: checking for gcc option to accept ISO C89
configure:4479: gcc  -c -g -O2  conftest.c >&5
configure:4479: $? = 0
configure:4492: result: none needed
configure:4517: checking whether gcc understands -c and -o together
configure:4539: gcc -c conftest.c -o conftest2.o
configure:4542: $? = 0
configure:4539: gcc -c conftest.c -o conftest2.o
configure:4542: $? = 0
configure:4554: result: yes
configure:4573: checking dependency style of gcc
configure:4684: result: gcc3
configure:4702: checking whether make sets $(MAKE)
configure:4724: result: yes
configure:4739: checking for pthread_exit in -lpthread
configure:4764: gcc -o conftest -g -O2   conftest.c -lpthread   >&5
configure:4764: $? = 0
configure:4773: result: yes
configure:4805: checking how to run the C++ preprocessor
configure:4832: g++ -E  conftest.cpp
configure:4832: $? = 0
configure:4846: g++ -E  conftest.cpp
conftest.cpp:12:28: fatal error: ac_nonexistent.h: No such file or directory
 #include <ac_nonexistent.h>
                            ^
compilation terminated.
configure:4846: $? = 1
configure: failed program was:
| /* confdefs.h */
| #define PACKAGE_NAME "giada"
| #define PACKAGE_TARNAME "giada"
| #define PACKAGE_VERSION "0.12"
| #define PACKAGE_STRING "giada 0.12"
| #define PACKAGE_BUGREPORT "giadaloopmachine@gmail.com"
| #define PACKAGE_URL ""
| #define PACKAGE "giada"
| #define VERSION "0.12"
| #define HAVE_LIBPTHREAD 1
| /* end confdefs.h.  */
| #include <ac_nonexistent.h>
configure:4871: result: g++ -E
configure:4891: g++ -E  conftest.cpp
configure:4891: $? = 0
configure:4905: g++ -E  conftest.cpp
conftest.cpp:12:28: fatal error: ac_nonexistent.h: No such file or directory
 #include <ac_nonexistent.h>
                            ^
compilation terminated.
configure:4905: $? = 1
configure: failed program was:
| /* confdefs.h */
| #define PACKAGE_NAME "giada"
| #define PACKAGE_TARNAME "giada"
| #define PACKAGE_VERSION "0.12"
| #define PACKAGE_STRING "giada 0.12"
| #define PACKAGE_BUGREPORT "giadaloopmachine@gmail.com"
| #define PACKAGE_URL ""
| #define PACKAGE "giada"
| #define VERSION "0.12"
| #define HAVE_LIBPTHREAD 1
| /* end confdefs.h.  */
| #include <ac_nonexistent.h>
configure:4934: checking for grep that handles long lines and -e
configure:4992: result: /bin/grep
configure:4997: checking for egrep
configure:5059: result: /bin/grep -E
configure:5064: checking for ANSI C header files
configure:5084: g++ -c -g -O2  conftest.cpp >&5
configure:5084: $? = 0
configure:5157: g++ -o conftest -g -O2   conftest.cpp -lpthread  >&5
configure:5157: $? = 0
configure:5157: ./conftest
configure:5157: $? = 0
configure:5168: result: yes
configure:5181: checking for sys/types.h
configure:5181: g++ -c -g -O2  conftest.cpp >&5
configure:5181: $? = 0
configure:5181: result: yes
configure:5181: checking for sys/stat.h
configure:5181: g++ -c -g -O2  conftest.cpp >&5
configure:5181: $? = 0
configure:5181: result: yes
configure:5181: checking for stdlib.h
configure:5181: g++ -c -g -O2  conftest.cpp >&5
configure:5181: $? = 0
configure:5181: result: yes
configure:5181: checking for string.h
configure:5181: g++ -c -g -O2  conftest.cpp >&5
configure:5181: $? = 0
configure:5181: result: yes
configure:5181: checking for memory.h
configure:5181: g++ -c -g -O2  conftest.cpp >&5
configure:5181: $? = 0
configure:5181: result: yes
configure:5181: checking for strings.h
configure:5181: g++ -c -g -O2  conftest.cpp >&5
configure:5181: $? = 0
configure:5181: result: yes
configure:5181: checking for inttypes.h
configure:5181: g++ -c -g -O2  conftest.cpp >&5
configure:5181: $? = 0
configure:5181: result: yes
configure:5181: checking for stdint.h
configure:5181: g++ -c -g -O2  conftest.cpp >&5
configure:5181: $? = 0
configure:5181: result: yes
configure:5181: checking for unistd.h
configure:5181: g++ -c -g -O2  conftest.cpp >&5
configure:5181: $? = 0
configure:5181: result: yes
configure:5193: checking FL/Fl.H usability
configure:5193: g++ -c -g -O2  conftest.cpp >&5
configure:5193: $? = 0
configure:5193: result: yes
configure:5193: checking FL/Fl.H presence
configure:5193: g++ -E  conftest.cpp
configure:5193: $? = 0
configure:5193: result: yes
configure:5193: checking for FL/Fl.H
configure:5193: result: yes
configure:5215: checking RtMidi.h usability
configure:5215: g++ -c -g -O2  conftest.cpp >&5
configure:5215: $? = 0
configure:5215: result: yes
configure:5215: checking RtMidi.h presence
configure:5215: g++ -E  conftest.cpp
configure:5215: $? = 0
configure:5215: result: yes
configure:5215: checking for RtMidi.h
configure:5215: result: yes
configure:5237: checking jansson.h usability
configure:5237: g++ -c -g -O2  conftest.cpp >&5
configure:5237: $? = 0
configure:5237: result: yes
configure:5237: checking jansson.h presence
configure:5237: g++ -E  conftest.cpp
configure:5237: $? = 0
configure:5237: result: yes
configure:5237: checking for jansson.h
configure:5237: result: yes
configure:5259: checking sndfile.h usability
configure:5259: g++ -c -g -O2  conftest.cpp >&5
configure:5259: $? = 0
configure:5259: result: yes
configure:5259: checking sndfile.h presence
configure:5259: g++ -E  conftest.cpp
configure:5259: $? = 0
configure:5259: result: yes
configure:5259: checking for sndfile.h
configure:5259: result: yes
configure:5320: checking samplerate.h usability
configure:5320: g++ -c -g -O2  conftest.cpp >&5
configure:5320: $? = 0
configure:5320: result: yes
configure:5320: checking samplerate.h presence
configure:5320: g++ -E  conftest.cpp
configure:5320: $? = 0
configure:5320: result: yes
configure:5320: checking for samplerate.h
configure:5320: result: yes
configure:5350: checking X11/xpm.h usability
configure:5350: g++ -c -g -O2  conftest.cpp >&5
configure:5350: $? = 0
configure:5350: result: yes
configure:5350: checking X11/xpm.h presence
configure:5350: g++ -E  conftest.cpp
configure:5350: $? = 0
configure:5350: result: yes
configure:5350: checking for X11/xpm.h
configure:5350: result: yes
configure:5518: checking that generated files are newer than configure
configure:5524: result: done
configure:5575: creating ./config.status

## ---------------------- ##
## Running config.status. ##
## ---------------------- ##

This file was extended by giada config.status 0.12, which was
generated by GNU Autoconf 2.69.  Invocation command line was

  CONFIG_FILES    = 
  CONFIG_HEADERS  = 
  CONFIG_LINKS    = 
  CONFIG_COMMANDS = 
  $ ./config.status 

on raspberrypi

config.status:796: creating Makefile
config.status:968: executing depfiles commands

## ---------------- ##
## Cache variables. ##
## ---------------- ##

ac_cv_c_compiler_gnu=yes
ac_cv_cxx_compiler_gnu=yes
ac_cv_env_CCC_set=
ac_cv_env_CCC_value=
ac_cv_env_CC_set=
ac_cv_env_CC_value=
ac_cv_env_CFLAGS_set=
ac_cv_env_CFLAGS_value=
ac_cv_env_CPPFLAGS_set=
ac_cv_env_CPPFLAGS_value=
ac_cv_env_CXXCPP_set=
ac_cv_env_CXXCPP_value=
ac_cv_env_CXXFLAGS_set=
ac_cv_env_CXXFLAGS_value=
ac_cv_env_CXX_set=
ac_cv_env_CXX_value=
ac_cv_env_LDFLAGS_set=
ac_cv_env_LDFLAGS_value=
ac_cv_env_LIBS_set=
ac_cv_env_LIBS_value=
ac_cv_env_OBJCXXFLAGS_set=
ac_cv_env_OBJCXXFLAGS_value=
ac_cv_env_OBJCXX_set=
ac_cv_env_OBJCXX_value=
ac_cv_env_build_alias_set=
ac_cv_env_build_alias_value=
ac_cv_env_host_alias_set=
ac_cv_env_host_alias_value=
ac_cv_env_target_alias_set=set
ac_cv_env_target_alias_value=linux
ac_cv_header_FL_Fl_H=yes
ac_cv_header_RtMidi_h=yes
ac_cv_header_X11_xpm_h=yes
ac_cv_header_inttypes_h=yes
ac_cv_header_jansson_h=yes
ac_cv_header_memory_h=yes
ac_cv_header_samplerate_h=yes
ac_cv_header_sndfile_h=yes
ac_cv_header_stdc=yes
ac_cv_header_stdint_h=yes
ac_cv_header_stdlib_h=yes
ac_cv_header_string_h=yes
ac_cv_header_strings_h=yes
ac_cv_header_sys_stat_h=yes
ac_cv_header_sys_types_h=yes
ac_cv_header_unistd_h=yes
ac_cv_lib_pthread_pthread_exit=yes
ac_cv_objcxx_compiler_gnu=no
ac_cv_objext=o
ac_cv_path_EGREP='/bin/grep -E'
ac_cv_path_GREP=/bin/grep
ac_cv_path_install='/usr/bin/install -c'
ac_cv_path_mkdir=/bin/mkdir
ac_cv_prog_AWK=mawk
ac_cv_prog_CXXCPP='g++ -E'
ac_cv_prog_ac_ct_CC=gcc
ac_cv_prog_ac_ct_CXX=g++
ac_cv_prog_ac_ct_OBJCXX=g++
ac_cv_prog_cc_c89=
ac_cv_prog_cc_g=yes
ac_cv_prog_cxx_g=yes
ac_cv_prog_make_make_set=yes
ac_cv_prog_objcxx_g=no
am_cv_CC_dependencies_compiler_type=gcc3
am_cv_CXX_dependencies_compiler_type=gcc3
am_cv_OBJCXX_dependencies_compiler_type=gcc3
am_cv_make_support_nested_variables=yes
am_cv_prog_cc_c_o=yes

## ----------------- ##
## Output variables. ##
## ----------------- ##

ACLOCAL='${SHELL} /home/pi/Development/giada-0.12.0-src/missing aclocal-1.14'
AMDEPBACKSLASH='\'
AMDEP_FALSE='#'
AMDEP_TRUE=''
AMTAR='$${TAR-tar}'
AM_BACKSLASH='\'
AM_DEFAULT_V='$(AM_DEFAULT_VERBOSITY)'
AM_DEFAULT_VERBOSITY='1'
AM_V='$(V)'
AUTOCONF='${SHELL} /home/pi/Development/giada-0.12.0-src/missing autoconf'
AUTOHEADER='${SHELL} /home/pi/Development/giada-0.12.0-src/missing autoheader'
AUTOMAKE='${SHELL} /home/pi/Development/giada-0.12.0-src/missing automake-1.14'
AWK='mawk'
CC='gcc'
CCDEPMODE='depmode=gcc3'
CFLAGS='-g -O2'
CPPFLAGS=''
CXX='g++'
CXXCPP='g++ -E'
CXXDEPMODE='depmode=gcc3'
CXXFLAGS='-g -O2'
CYGPATH_W='echo'
DEFS='-DPACKAGE_NAME=\"giada\" -DPACKAGE_TARNAME=\"giada\" -DPACKAGE_VERSION=\"0.12\" -DPACKAGE_STRING=\"giada\ 0.12\" -DPACKAGE_BUGREPORT=\"giadaloopmachine@gmail.com\" -DPACKAGE_URL=\"\" -DPACKAGE=\"giada\" -DVERSION=\"0.12\" -DHAVE_LIBPTHREAD=1 -DSTDC_HEADERS=1 -DHAVE_SYS_TYPES_H=1 -DHAVE_SYS_STAT_H=1 -DHAVE_STDLIB_H=1 -DHAVE_STRING_H=1 -DHAVE_MEMORY_H=1 -DHAVE_STRINGS_H=1 -DHAVE_INTTYPES_H=1 -DHAVE_STDINT_H=1 -DHAVE_UNISTD_H=1'
DEPDIR='.deps'
ECHO_C=''
ECHO_N='-n'
ECHO_T=''
EGREP='/bin/grep -E'
EXEEXT=''
GREP='/bin/grep'
INSTALL_DATA='${INSTALL} -m 644'
INSTALL_PROGRAM='${INSTALL}'
INSTALL_SCRIPT='${INSTALL}'
INSTALL_STRIP_PROGRAM='$(install_sh) -c -s'
LDFLAGS=''
LIBOBJS=''
LIBS='-lpthread '
LINUX_FALSE='#'
LINUX_TRUE=''
LTLIBOBJS=''
MAKEINFO='${SHELL} /home/pi/Development/giada-0.12.0-src/missing makeinfo'
MKDIR_P='/bin/mkdir -p'
OBJCXX='g++'
OBJCXXDEPMODE='depmode=gcc3'
OBJCXXFLAGS=''
OBJEXT='o'
OSX_FALSE=''
OSX_TRUE='#'
PACKAGE='giada'
PACKAGE_BUGREPORT='giadaloopmachine@gmail.com'
PACKAGE_NAME='giada'
PACKAGE_STRING='giada 0.12'
PACKAGE_TARNAME='giada'
PACKAGE_URL=''
PACKAGE_VERSION='0.12'
PATH_SEPARATOR=':'
SET_MAKE=''
SHELL='/bin/bash'
STRIP=''
VERSION='0.12'
WINDOWS_FALSE=''
WINDOWS_TRUE='#'
WITH_VST_FALSE=''
WITH_VST_TRUE='#'
ac_ct_CC='gcc'
ac_ct_CXX='g++'
ac_ct_OBJCXX='g++'
am__EXEEXT_FALSE=''
am__EXEEXT_TRUE='#'
am__fastdepCC_FALSE='#'
am__fastdepCC_TRUE=''
am__fastdepCXX_FALSE='#'
am__fastdepCXX_TRUE=''
am__fastdepOBJCXX_FALSE='#'
am__fastdepOBJCXX_TRUE=''
am__include='include'
am__isrc=''
am__leading_dot='.'
am__nodep='_no'
am__quote=''
am__tar='$${TAR-tar} chof - "$$tardir"'
am__untar='$${TAR-tar} xf -'
bindir='${exec_prefix}/bin'
build_alias=''
datadir='${datarootdir}'
datarootdir='${prefix}/share'
docdir='${datarootdir}/doc/${PACKAGE_TARNAME}'
dvidir='${docdir}'
exec_prefix='${prefix}'
host_alias=''
htmldir='${docdir}'
includedir='${prefix}/include'
infodir='${datarootdir}/info'
install_sh='${SHELL} /home/pi/Development/giada-0.12.0-src/install-sh'
libdir='${exec_prefix}/lib'
libexecdir='${exec_prefix}/libexec'
localedir='${datarootdir}/locale'
localstatedir='${prefix}/var'
mandir='${datarootdir}/man'
mkdir_p='$(MKDIR_P)'
oldincludedir='/usr/include'
pdfdir='${docdir}'
prefix='/usr/local'
program_transform_name='s,x,x,'
psdir='${docdir}'
sbindir='${exec_prefix}/sbin'
sharedstatedir='${prefix}/com'
sysconfdir='${prefix}/etc'
target_alias='linux'

## ----------- ##
## confdefs.h. ##
## ----------- ##

/* confdefs.h */
#define PACKAGE_NAME "giada"
#define PACKAGE_TARNAME "giada"
#define PACKAGE_VERSION "0.12"
#define PACKAGE_STRING "giada 0.12"
#define PACKAGE_BUGREPORT "giadaloopmachine@gmail.com"
#define PACKAGE_URL ""
#define PACKAGE "giada"
#define VERSION "0.12"
#define HAVE_LIBPTHREAD 1
#define STDC_HEADERS 1
#define HAVE_SYS_TYPES_H 1
#define HAVE_SYS_STAT_H 1
#define HAVE_STDLIB_H 1
#define HAVE_STRING_H 1
#define HAVE_MEMORY_H 1
#define HAVE_STRINGS_H 1
#define HAVE_INTTYPES_H 1
#define HAVE_STDINT_H 1
#define HAVE_UNISTD_H 1

configure: exit 0

## ---------------------- ##
## Running config.status. ##
## ---------------------- ##

This file was extended by giada config.status 0.12, which was
generated by GNU Autoconf 2.69.  Invocation command line was

  CONFIG_FILES    = 
  CONFIG_HEADERS  = 
  CONFIG_LINKS    = 
  CONFIG_COMMANDS = 
  $ ./config.status Makefile depfiles

on raspberrypi

config.status:796: creating Makefile
config.status:968: executing depfiles commands
